#
# There is insufficient memory for the Java Runtime Environment to continue.
# Native memory allocation (malloc) failed to allocate 425840 bytes for Chunk::new
# Possible reasons:
#   The system is out of physical RAM or swap space
#   In 32 bit mode, the process size limit was hit
# Possible solutions:
#   Reduce memory load on the system
#   Increase physical memory or swap space
#   Check if swap backing store is full
#   Use 64 bit Java on a 64 bit OS
#   Decrease Java heap size (-Xmx/-Xms)
#   Decrease number of Java threads
#   Decrease Java thread stack sizes (-Xss)
#   Set larger code cache with -XX:ReservedCodeCacheSize=
# This output file may be truncated or incomplete.
#
#  Out of Memory Error (allocation.cpp:390), pid=34232, tid=0x0000000000007014
#
# JRE version: Java(TM) SE Runtime Environment (8.0_131-b11) (build 1.8.0_131-b11)
# Java VM: Java HotSpot(TM) 64-Bit Server VM (25.131-b11 mixed mode windows-amd64 compressed oops)
# Failed to write core dump. Minidumps are not enabled by default on client versions of Windows
#

---------------  T H R E A D  ---------------

Current thread (0x0000000016abd800):  JavaThread "C2 CompilerThread0" daemon [_thread_in_native, id=28692, stack(0x00000000171e0000,0x00000000172e0000)]

Stack: [0x00000000171e0000,0x00000000172e0000]
[error occurred during error reporting (printing stack bounds), id 0xc0000005]

Native frames: (J=compiled Java code, j=interpreted, Vv=VM code, C=native code)


Current CompileTask:
C2:   7374 1975  s    4       sun.misc.URLClassPath::getNextLoader (88 bytes)


---------------  P R O C E S S  ---------------

Java Threads: ( => current thread )
  0x0000000019050000 JavaThread "Cache worker for execution history cache (C:\Users\16042\.gradle\caches\6.2\executionHistory)" [_thread_blocked, id=39860, stack(0x000000001ef10000,0x000000001f010000)]
  0x000000001904f800 JavaThread "Cache worker for cache directory md-rule (C:\Users\16042\.gradle\caches\6.2\md-rule)" [_thread_blocked, id=40680, stack(0x000000001ed10000,0x000000001ee10000)]
  0x000000001904e800 JavaThread "Cache worker for cache directory md-supplier (C:\Users\16042\.gradle\caches\6.2\md-supplier)" [_thread_blocked, id=2828, stack(0x000000001ea10000,0x000000001eb10000)]
  0x0000000019052800 JavaThread "Cache worker for file hash cache (E:\Summer Project\test1\testproject\android\.gradle\6.2\fileHashes)" [_thread_blocked, id=24304, stack(0x000000001d880000,0x000000001d980000)]
  0x0000000019055800 JavaThread "Cache worker for checksums cache (E:\Summer Project\test1\testproject\android\.gradle\checksums)" [_thread_blocked, id=1368, stack(0x000000001ee10000,0x000000001ef10000)]
  0x0000000019054800 JavaThread "Cache worker for file hash cache (C:\Users\16042\.gradle\caches\6.2\fileHashes)" [_thread_blocked, id=37220, stack(0x000000001b350000,0x000000001b450000)]
  0x0000000019054000 JavaThread "File lock request listener" [_thread_in_native, id=16096, stack(0x000000001b250000,0x000000001b350000)]
  0x0000000019053000 JavaThread "Cache worker for journal cache (C:\Users\16042\.gradle\caches\journal-1)" [_thread_blocked, id=33700, stack(0x000000001b150000,0x000000001b250000)]
  0x0000000018fcd800 JavaThread "Thread-9" [_thread_blocked, id=38448, stack(0x000000001ae50000,0x000000001af50000)]
  0x0000000018fcb000 JavaThread "Stdin handler" [_thread_blocked, id=35156, stack(0x000000001ad50000,0x000000001ae50000)]
  0x0000000018fca000 JavaThread "Asynchronous log dispatcher for DefaultDaemonConnection: socket connection from /127.0.0.1:64192 to /127.0.0.1:64193" [_thread_blocked, id=5048, stack(0x000000001ab50000,0x000000001ac50000)]
  0x0000000018f8b000 JavaThread "Daemon worker" [_thread_in_native, id=2660, stack(0x000000001aa50000,0x000000001ab50000)]
  0x0000000018f8a800 JavaThread "Cancel handler" [_thread_blocked, id=40256, stack(0x000000001a950000,0x000000001aa50000)]
  0x0000000018fc6800 JavaThread "Handler for socket connection from /127.0.0.1:64192 to /127.0.0.1:64193" [_thread_in_native, id=2372, stack(0x000000001a650000,0x000000001a750000)]
  0x0000000018fbf000 JavaThread "Daemon" [_thread_blocked, id=38052, stack(0x000000001a550000,0x000000001a650000)]
  0x0000000018eee000 JavaThread "Daemon periodic checks" [_thread_blocked, id=13200, stack(0x000000001a450000,0x000000001a550000)]
  0x0000000018ee3000 JavaThread "Incoming local TCP Connector on port 64192" [_thread_in_native, id=22092, stack(0x000000001a2a0000,0x000000001a3a0000)]
  0x0000000018e94000 JavaThread "Daemon health stats" [_thread_blocked, id=36028, stack(0x0000000019f80000,0x000000001a080000)]
  0x0000000016bac800 JavaThread "Service Thread" daemon [_thread_blocked, id=34720, stack(0x00000000175e0000,0x00000000176e0000)]
  0x0000000016b24000 JavaThread "C1 CompilerThread3" daemon [_thread_blocked, id=14432, stack(0x00000000174e0000,0x00000000175e0000)]
  0x0000000016b17000 JavaThread "C2 CompilerThread2" daemon [_thread_blocked, id=21880, stack(0x00000000173e0000,0x00000000174e0000)]
  0x0000000016b14800 JavaThread "C2 CompilerThread1" daemon [_thread_blocked, id=35540, stack(0x00000000172e0000,0x00000000173e0000)]
=>0x0000000016abd800 JavaThread "C2 CompilerThread0" daemon [_thread_in_native, id=28692, stack(0x00000000171e0000,0x00000000172e0000)]
  0x0000000016abb800 JavaThread "Attach Listener" daemon [_thread_blocked, id=2296, stack(0x00000000170e0000,0x00000000171e0000)]
  0x0000000016b10000 JavaThread "Signal Dispatcher" daemon [_thread_blocked, id=37272, stack(0x0000000016fe0000,0x00000000170e0000)]
  0x0000000016aa1800 JavaThread "Finalizer" daemon [_thread_blocked, id=36204, stack(0x0000000016e80000,0x0000000016f80000)]
  0x00000000033e8000 JavaThread "Reference Handler" daemon [_thread_blocked, id=2092, stack(0x0000000016980000,0x0000000016a80000)]
  0x00000000032f2800 JavaThread "main" [_thread_blocked, id=14324, stack(0x0000000003100000,0x0000000003200000)]

Other Threads:
  0x0000000014baa000 VMThread [stack: 0x0000000016880000,0x0000000016980000] [id=35100]
  0x0000000016c10800 WatcherThread [stack: 0x00000000176e0000,0x00000000177e0000] [id=35436]

VM state:not at safepoint (normal execution)

VM Mutex/Monitor currently owned by a thread: None

Heap:
 PSYoungGen      total 76288K, used 40529K [0x00000000f5580000, 0x00000000faa80000, 0x0000000100000000)
  eden space 65536K, 61% used [0x00000000f5580000,0x00000000f7d14648,0x00000000f9580000)
  from space 10752K, 0% used [0x00000000fa000000,0x00000000fa000000,0x00000000faa80000)
  to   space 10752K, 0% used [0x00000000f9580000,0x00000000f9580000,0x00000000fa000000)
 ParOldGen       total 175104K, used 7199K [0x00000000e0000000, 0x00000000eab00000, 0x00000000f5580000)
  object space 175104K, 4% used [0x00000000e0000000,0x00000000e0707ca0,0x00000000eab00000)
 Metaspace       used 24760K, capacity 25474K, committed 25728K, reserved 1071104K
  class space    used 3529K, capacity 3707K, committed 3712K, reserved 1048576K

Card table byte_map: [0x00000000127b0000,0x00000000128c0000] byte_map_base: 0x00000000120b0000

Marking Bits: (ParMarkBitMap*) 0x00000000778ec720
 Begin Bits: [0x00000000130c0000, 0x00000000138c0000)
 End Bits:   [0x00000000138c0000, 0x00000000140c0000)

Polling page: 0x0000000001150000

CodeCache: size=245760Kb used=7152Kb max_used=7155Kb free=238607Kb
 bounds [0x00000000033f0000, 0x0000000003b00000, 0x00000000123f0000]
 total_blobs=2456 nmethods=2020 adapters=348
 compilation: enabled

Compilation events (10 events):
Event: 7.346 Thread 0x0000000016b14800 nmethod 1996 0x0000000003adc850 code [0x0000000003adc9a0, 0x0000000003adcad8]
Event: 7.346 Thread 0x0000000016b24000 2020       3       java.util.concurrent.ConcurrentLinkedQueue::poll (85 bytes)
Event: 7.346 Thread 0x0000000016b24000 nmethod 2020 0x0000000003adb990 code [0x0000000003adbb60, 0x0000000003adc4f0]
Event: 7.346 Thread 0x0000000016b24000 2021       3       java.util.concurrent.ConcurrentLinkedQueue::updateHead (20 bytes)
Event: 7.347 Thread 0x0000000016b24000 nmethod 2021 0x0000000003adb410 code [0x0000000003adb580, 0x0000000003adb870]
Event: 7.347 Thread 0x0000000016b24000 2022       3       java.util.regex.Pattern$BitClass::isSatisfiedBy (22 bytes)
Event: 7.348 Thread 0x0000000016b24000 nmethod 2022 0x0000000003adad50 code [0x0000000003adaec0, 0x0000000003adb0d0]
Event: 7.349 Thread 0x0000000016b24000 2023       3       java.util.concurrent.locks.AbstractQueuedSynchronizer$ConditionObject::awaitNanos (156 bytes)
Event: 7.349 Thread 0x0000000016b17000 nmethod 1976 0x0000000003aecd50 code [0x0000000003aed140, 0x0000000003af0d20]
Event: 7.350 Thread 0x0000000016b24000 nmethod 2023 0x0000000003ad87d0 code [0x0000000003ad8ae0, 0x0000000003ada1f8]

GC Heap History (10 events):
Event: 2.176 GC heap before
{Heap before GC invocations=1 (full 0):
 PSYoungGen      total 76288K, used 65536K [0x00000000f5580000, 0x00000000faa80000, 0x0000000100000000)
  eden space 65536K, 100% used [0x00000000f5580000,0x00000000f9580000,0x00000000f9580000)
  from space 10752K, 0% used [0x00000000fa000000,0x00000000fa000000,0x00000000faa80000)
  to   space 10752K, 0% used [0x00000000f9580000,0x00000000f9580000,0x00000000fa000000)
 ParOldGen       total 175104K, used 0K [0x00000000e0000000, 0x00000000eab00000, 0x00000000f5580000)
  object space 175104K, 0% used [0x00000000e0000000,0x00000000e0000000,0x00000000eab00000)
 Metaspace       used 7656K, capacity 7966K, committed 8064K, reserved 1056768K
  class space    used 973K, capacity 1078K, committed 1152K, reserved 1048576K
Event: 2.181 GC heap after
Heap after GC invocations=1 (full 0):
 PSYoungGen      total 76288K, used 6167K [0x00000000f5580000, 0x00000000faa80000, 0x0000000100000000)
  eden space 65536K, 0% used [0x00000000f5580000,0x00000000f5580000,0x00000000f9580000)
  from space 10752K, 57% used [0x00000000f9580000,0x00000000f9b85f28,0x00000000fa000000)
  to   space 10752K, 0% used [0x00000000fa000000,0x00000000fa000000,0x00000000faa80000)
 ParOldGen       total 175104K, used 16K [0x00000000e0000000, 0x00000000eab00000, 0x00000000f5580000)
  object space 175104K, 0% used [0x00000000e0000000,0x00000000e0004000,0x00000000eab00000)
 Metaspace       used 7656K, capacity 7966K, committed 8064K, reserved 1056768K
  class space    used 973K, capacity 1078K, committed 1152K, reserved 1048576K
}
Event: 5.477 GC heap before
{Heap before GC invocations=2 (full 0):
 PSYoungGen      total 76288K, used 71703K [0x00000000f5580000, 0x00000000faa80000, 0x0000000100000000)
  eden space 65536K, 100% used [0x00000000f5580000,0x00000000f9580000,0x00000000f9580000)
  from space 10752K, 57% used [0x00000000f9580000,0x00000000f9b85f28,0x00000000fa000000)
  to   space 10752K, 0% used [0x00000000fa000000,0x00000000fa000000,0x00000000faa80000)
 ParOldGen       total 175104K, used 16K [0x00000000e0000000, 0x00000000eab00000, 0x00000000f5580000)
  object space 175104K, 0% used [0x00000000e0000000,0x00000000e0004000,0x00000000eab00000)
 Metaspace       used 15120K, capacity 15444K, committed 15616K, reserved 1062912K
  class space    used 2066K, capacity 2200K, committed 2304K, reserved 1048576K
Event: 5.490 GC heap after
Heap after GC invocations=2 (full 0):
 PSYoungGen      total 76288K, used 9961K [0x00000000f5580000, 0x00000000faa80000, 0x0000000100000000)
  eden space 65536K, 0% used [0x00000000f5580000,0x00000000f5580000,0x00000000f9580000)
  from space 10752K, 92% used [0x00000000fa000000,0x00000000fa9ba678,0x00000000faa80000)
  to   space 10752K, 0% used [0x00000000f9580000,0x00000000f9580000,0x00000000fa000000)
 ParOldGen       total 175104K, used 24K [0x00000000e0000000, 0x00000000eab00000, 0x00000000f5580000)
  object space 175104K, 0% used [0x00000000e0000000,0x00000000e0006000,0x00000000eab00000)
 Metaspace       used 15120K, capacity 15444K, committed 15616K, reserved 1062912K
  class space    used 2066K, capacity 2200K, committed 2304K, reserved 1048576K
}
Event: 6.534 GC heap before
{Heap before GC invocations=3 (full 0):
 PSYoungGen      total 76288K, used 75497K [0x00000000f5580000, 0x00000000faa80000, 0x0000000100000000)
  eden space 65536K, 100% used [0x00000000f5580000,0x00000000f9580000,0x00000000f9580000)
  from space 10752K, 92% used [0x00000000fa000000,0x00000000fa9ba678,0x00000000faa80000)
  to   space 10752K, 0% used [0x00000000f9580000,0x00000000f9580000,0x00000000fa000000)
 ParOldGen       total 175104K, used 24K [0x00000000e0000000, 0x00000000eab00000, 0x00000000f5580000)
  object space 175104K, 0% used [0x00000000e0000000,0x00000000e0006000,0x00000000eab00000)
 Metaspace       used 20231K, capacity 20794K, committed 20992K, reserved 1067008K
  class space    used 2906K, capacity 3055K, committed 3072K, reserved 1048576K
Event: 6.542 GC heap after
Heap after GC invocations=3 (full 0):
 PSYoungGen      total 76288K, used 10750K [0x00000000f5580000, 0x00000000faa80000, 0x0000000100000000)
  eden space 65536K, 0% used [0x00000000f5580000,0x00000000f5580000,0x00000000f9580000)
  from space 10752K, 99% used [0x00000000f9580000,0x00000000f9fff8e0,0x00000000fa000000)
  to   space 10752K, 0% used [0x00000000fa000000,0x00000000fa000000,0x00000000faa80000)
 ParOldGen       total 175104K, used 880K [0x00000000e0000000, 0x00000000eab00000, 0x00000000f5580000)
  object space 175104K, 0% used [0x00000000e0000000,0x00000000e00dc0b8,0x00000000eab00000)
 Metaspace       used 20231K, capacity 20794K, committed 20992K, reserved 1067008K
  class space    used 2906K, capacity 3055K, committed 3072K, reserved 1048576K
}
Event: 6.625 GC heap before
{Heap before GC invocations=4 (full 0):
 PSYoungGen      total 76288K, used 20491K [0x00000000f5580000, 0x00000000faa80000, 0x0000000100000000)
  eden space 65536K, 14% used [0x00000000f5580000,0x00000000f5f03358,0x00000000f9580000)
  from space 10752K, 99% used [0x00000000f9580000,0x00000000f9fff8e0,0x00000000fa000000)
  to   space 10752K, 0% used [0x00000000fa000000,0x00000000fa000000,0x00000000faa80000)
 ParOldGen       total 175104K, used 880K [0x00000000e0000000, 0x00000000eab00000, 0x00000000f5580000)
  object space 175104K, 0% used [0x00000000e0000000,0x00000000e00dc0b8,0x00000000eab00000)
 Metaspace       used 20663K, capacity 21258K, committed 21296K, reserved 1067008K
  class space    used 2980K, capacity 3163K, committed 3200K, reserved 1048576K
Event: 6.629 GC heap after
Heap after GC invocations=4 (full 0):
 PSYoungGen      total 76288K, used 7420K [0x00000000f5580000, 0x00000000faa80000, 0x0000000100000000)
  eden space 65536K, 0% used [0x00000000f5580000,0x00000000f5580000,0x00000000f9580000)
  from space 10752K, 69% used [0x00000000fa000000,0x00000000fa73f060,0x00000000faa80000)
  to   space 10752K, 0% used [0x00000000f9580000,0x00000000f9580000,0x00000000fa000000)
 ParOldGen       total 175104K, used 888K [0x00000000e0000000, 0x00000000eab00000, 0x00000000f5580000)
  object space 175104K, 0% used [0x00000000e0000000,0x00000000e00de0b8,0x00000000eab00000)
 Metaspace       used 20663K, capacity 21258K, committed 21296K, reserved 1067008K
  class space    used 2980K, capacity 3163K, committed 3200K, reserved 1048576K
}
Event: 6.629 GC heap before
{Heap before GC invocations=5 (full 1):
 PSYoungGen      total 76288K, used 7420K [0x00000000f5580000, 0x00000000faa80000, 0x0000000100000000)
  eden space 65536K, 0% used [0x00000000f5580000,0x00000000f5580000,0x00000000f9580000)
  from space 10752K, 69% used [0x00000000fa000000,0x00000000fa73f060,0x00000000faa80000)
  to   space 10752K, 0% used [0x00000000f9580000,0x00000000f9580000,0x00000000fa000000)
 ParOldGen       total 175104K, used 888K [0x00000000e0000000, 0x00000000eab00000, 0x00000000f5580000)
  object space 175104K, 0% used [0x00000000e0000000,0x00000000e00de0b8,0x00000000eab00000)
 Metaspace       used 20663K, capacity 21258K, committed 21296K, reserved 1067008K
  class space    used 2980K, capacity 3163K, committed 3200K, reserved 1048576K
Event: 6.722 GC heap after
Heap after GC invocations=5 (full 1):
 PSYoungGen      total 76288K, used 0K [0x00000000f5580000, 0x00000000faa80000, 0x0000000100000000)
  eden space 65536K, 0% used [0x00000000f5580000,0x00000000f5580000,0x00000000f9580000)
  from space 10752K, 0% used [0x00000000fa000000,0x00000000fa000000,0x00000000faa80000)
  to   space 10752K, 0% used [0x00000000f9580000,0x00000000f9580000,0x00000000fa000000)
 ParOldGen       total 175104K, used 7199K [0x00000000e0000000, 0x00000000eab00000, 0x00000000f5580000)
  object space 175104K, 4% used [0x00000000e0000000,0x00000000e0707ca0,0x00000000eab00000)
 Metaspace       used 20663K, capacity 21258K, committed 21296K, reserved 1067008K
  class space    used 2980K, capacity 3163K, committed 3200K, reserved 1048576K
}

Deoptimization events (10 events):
Event: 6.457 Thread 0x0000000018f8b000 Uncommon trap: reason=unstable_if action=reinterpret pc=0x000000000378ae3c method=java.net.URI.match(CJJ)Z @ 19
Event: 6.457 Thread 0x0000000018f8b000 Uncommon trap: reason=unstable_if action=reinterpret pc=0x00000000036960c0 method=java.net.URI.match(CJJ)Z @ 19
Event: 6.526 Thread 0x0000000018f8b000 Uncommon trap: reason=unstable_if action=reinterpret pc=0x00000000038a7764 method=java.util.HashMap.hash(Ljava/lang/Object;)I @ 1
Event: 6.532 Thread 0x0000000018f8b000 Uncommon trap: reason=unstable_if action=reinterpret pc=0x00000000037ec0e8 method=java.util.HashMap.hash(Ljava/lang/Object;)I @ 1
Event: 6.723 Thread 0x0000000016aa1800 Uncommon trap: reason=unstable_if action=reinterpret pc=0x00000000039ffe3c method=java.lang.ref.Finalizer.remove()V @ 10
Event: 6.723 Thread 0x0000000016aa1800 Uncommon trap: reason=unstable_if action=reinterpret pc=0x00000000039fc224 method=java.lang.ref.Finalizer.remove()V @ 10
Event: 6.723 Thread 0x0000000016aa1800 Uncommon trap: reason=unstable_if action=reinterpret pc=0x00000000039f9c68 method=java.lang.ref.Finalizer.remove()V @ 10
Event: 6.764 Thread 0x0000000018f8b000 Uncommon trap: reason=unstable_if action=reinterpret pc=0x00000000036fd2cc method=java.io.WinNTFileSystem.resolve(Ljava/lang/String;Ljava/lang/String;)Ljava/lang/String; @ 49
Event: 6.805 Thread 0x0000000018f8b000 Uncommon trap: reason=unstable_if action=reinterpret pc=0x00000000037136b0 method=java.util.LinkedHashMap.afterNodeInsertion(Z)V @ 1
Event: 7.111 Thread 0x0000000018f8b000 Uncommon trap: reason=unstable_if action=reinterpret pc=0x000000000387dff4 method=java.util.HashMap.putVal(ILjava/lang/Object;Ljava/lang/Object;ZZ)Ljava/lang/Object; @ 162

Internal exceptions (10 events):
Event: 0.892 Thread 0x00000000032f2800 Exception <a 'java/lang/ArrayIndexOutOfBoundsException'> (0x00000000f6ae8ad0) thrown at [C:\re\workspace\8-2-build-windows-amd64-cygwin\jdk8u131\8869\hotspot\src\share\vm\runtime\sharedRuntime.cpp, line 605]
Event: 0.893 Thread 0x00000000032f2800 Exception <a 'java/lang/ArrayIndexOutOfBoundsException'> (0x00000000f6aeac28) thrown at [C:\re\workspace\8-2-build-windows-amd64-cygwin\jdk8u131\8869\hotspot\src\share\vm\runtime\sharedRuntime.cpp, line 605]
Event: 4.328 Thread 0x00000000032f2800 Exception <a 'java/io/IOException'> (0x00000000f705a100) thrown at [C:\re\workspace\8-2-build-windows-amd64-cygwin\jdk8u131\8869\hotspot\src\share\vm\prims\jni.cpp, line 709]
Event: 5.734 Thread 0x0000000018f8b000 Exception <a 'java/lang/NoSuchMethodError': java.lang.Object.lambda$and$0(Ljava/util/function/Predicate;Ljava/lang/Object;)Z> (0x00000000f6828a10) thrown at [C:\re\workspace\8-2-build-windows-amd64-cygwin\jdk8u131\8869\hotspot\src\share\vm\interpreter\lin
Event: 5.743 Thread 0x0000000018f8b000 Exception <a 'java/lang/IncompatibleClassChangeError': Found class java.lang.Object, but interface was expected> (0x00000000f6838df0) thrown at [C:\re\workspace\8-2-build-windows-amd64-cygwin\jdk8u131\8869\hotspot\src\share\vm\interpreter\linkResolver.cpp
Event: 5.749 Thread 0x0000000018f8b000 Exception <a 'java/lang/NoSuchMethodError': java.lang.Object.lambda$or$2(Ljava/util/function/Predicate;Ljava/lang/Object;)Z> (0x00000000f683dd88) thrown at [C:\re\workspace\8-2-build-windows-amd64-cygwin\jdk8u131\8869\hotspot\src\share\vm\interpreter\link
Event: 6.107 Thread 0x0000000018f8b000 Exception <a 'java/lang/NoSuchMethodError': java.lang.Object.lambda$withReadOnlyCache$0(Ljava/util/function/BiFunction;Lorg/gradle/api/internal/artifacts/ivyservice/ArtifactCacheMetadata;)Ljava/lang/Object;> (0x00000000f79dfc60) thrown at [C:\re\workspace
Event: 6.526 Thread 0x0000000018f8b000 Implicit null exception at 0x00000000038a7555 to 0x00000000038a7755
Event: 6.532 Thread 0x0000000018f8b000 Implicit null exception at 0x00000000037ec06f to 0x00000000037ec0d9
Event: 6.591 Thread 0x0000000018f8b000 Exception <a 'java/lang/NoSuchMethodError': java.lang.Object.lambda$static$0(Lorg/gradle/api/internal/artifacts/ivyservice/ivyresolve/ModuleComponentRepository;Ljava/lang/String;Lorg/gradle/api/internal/artifacts/configurations/ResolutionStrategyInternal;

Events (10 events):
Event: 7.352 loading class org/apache/groovy/datetime/extensions/DateTimeStaticExtensions
Event: 7.352 loading class org/apache/groovy/datetime/extensions/DateTimeStaticExtensions done
Event: 7.352 loading class org/codehaus/groovy/jsr223/ScriptStaticExtensions
Event: 7.352 loading class org/codehaus/groovy/jsr223/ScriptStaticExtensions done
Event: 7.352 loading class java/sql/Date
Event: 7.354 loading class java/sql/Date done
Event: 7.354 loading class java/sql/Timestamp
Event: 7.357 loading class java/sql/Timestamp done
Event: 7.357 loading class java/time/Instant
Event: 7.360 loading class java/time/temporal/Temporal


Dynamic libraries:
0x00007ff7f9f60000 - 0x00007ff7f9f97000 	E:\jdk8\bin\java.exe
0x00007ffbf8b80000 - 0x00007ffbf8d70000 	C:\WINDOWS\SYSTEM32\ntdll.dll
0x00007ffbf7a00000 - 0x00007ffbf7ab2000 	C:\WINDOWS\System32\KERNEL32.DLL
0x00007ffbf6980000 - 0x00007ffbf6c24000 	C:\WINDOWS\System32\KERNELBASE.dll
0x00007ffbf76b0000 - 0x00007ffbf7753000 	C:\WINDOWS\System32\ADVAPI32.dll
0x00007ffbf72a0000 - 0x00007ffbf733e000 	C:\WINDOWS\System32\msvcrt.dll
0x00007ffbf7410000 - 0x00007ffbf74a7000 	C:\WINDOWS\System32\sechost.dll
0x00007ffbf6c50000 - 0x00007ffbf6d70000 	C:\WINDOWS\System32\RPCRT4.dll
0x00007ffbf7ac0000 - 0x00007ffbf7c54000 	C:\WINDOWS\System32\USER32.dll
0x00007ffbf66f0000 - 0x00007ffbf6711000 	C:\WINDOWS\System32\win32u.dll
0x00007ffbf7540000 - 0x00007ffbf7566000 	C:\WINDOWS\System32\GDI32.dll
0x00007ffbf6420000 - 0x00007ffbf65b6000 	C:\WINDOWS\System32\gdi32full.dll
0x00007ffbf6740000 - 0x00007ffbf67de000 	C:\WINDOWS\System32\msvcp_win.dll
0x00007ffbf6290000 - 0x00007ffbf638a000 	C:\WINDOWS\System32\ucrtbase.dll
0x00007ffbe67c0000 - 0x00007ffbe6a44000 	C:\WINDOWS\WinSxS\amd64_microsoft.windows.common-controls_6595b64144ccf1df_6.0.18362.959_none_e6c7bbbf130c62bb\COMCTL32.dll
0x00007ffbf8800000 - 0x00007ffbf8b35000 	C:\WINDOWS\System32\combase.dll
0x00007ffbf65c0000 - 0x00007ffbf6640000 	C:\WINDOWS\System32\bcryptPrimitives.dll
0x00007ffbf8760000 - 0x00007ffbf878e000 	C:\WINDOWS\System32\IMM32.DLL
0x00000000505a0000 - 0x0000000050672000 	E:\jdk8\jre\bin\msvcr100.dll
0x00000000770d0000 - 0x000000007796c000 	E:\jdk8\jre\bin\server\jvm.dll
0x00007ffbf8570000 - 0x00007ffbf8578000 	C:\WINDOWS\System32\PSAPI.DLL
0x00007ffbf1490000 - 0x00007ffbf14b4000 	C:\WINDOWS\SYSTEM32\WINMM.dll
0x00007ffbe4240000 - 0x00007ffbe4249000 	C:\WINDOWS\SYSTEM32\WSOCK32.dll
0x00007ffbed6a0000 - 0x00007ffbed6aa000 	C:\WINDOWS\SYSTEM32\VERSION.dll
0x00007ffbf7760000 - 0x00007ffbf77cf000 	C:\WINDOWS\System32\WS2_32.dll
0x00007ffbf1460000 - 0x00007ffbf148d000 	C:\WINDOWS\SYSTEM32\WINMMBASE.dll
0x00007ffbf67e0000 - 0x00007ffbf682a000 	C:\WINDOWS\System32\cfgmgr32.dll
0x0000000053980000 - 0x000000005398f000 	E:\jdk8\jre\bin\verify.dll
0x0000000053950000 - 0x0000000053979000 	E:\jdk8\jre\bin\java.dll
0x0000000053930000 - 0x0000000053946000 	E:\jdk8\jre\bin\zip.dll
0x00007ffbf7cd0000 - 0x00007ffbf83b6000 	C:\WINDOWS\System32\SHELL32.dll
0x00007ffbf86b0000 - 0x00007ffbf8759000 	C:\WINDOWS\System32\shcore.dll
0x00007ffbf5b00000 - 0x00007ffbf6282000 	C:\WINDOWS\System32\windows.storage.dll
0x00007ffbf5a40000 - 0x00007ffbf5a63000 	C:\WINDOWS\System32\profapi.dll
0x00007ffbf5a70000 - 0x00007ffbf5aba000 	C:\WINDOWS\System32\powrprof.dll
0x00007ffbf5a30000 - 0x00007ffbf5a40000 	C:\WINDOWS\System32\UMPDC.dll
0x00007ffbf87a0000 - 0x00007ffbf87f2000 	C:\WINDOWS\System32\shlwapi.dll
0x00007ffbf5ac0000 - 0x00007ffbf5ad1000 	C:\WINDOWS\System32\kernel.appcore.dll
0x00007ffbf6720000 - 0x00007ffbf6737000 	C:\WINDOWS\System32\cryptsp.dll
0x00000000538e0000 - 0x00000000538fa000 	E:\jdk8\jre\bin\net.dll
0x00007ffbf52a0000 - 0x00007ffbf5307000 	C:\WINDOWS\system32\mswsock.dll
0x00000000538c0000 - 0x00000000538d1000 	E:\jdk8\jre\bin\nio.dll
0x00007ffbc2900000 - 0x00007ffbc292a000 	C:\Users\16042\.gradle\native\36\windows-amd64\native-platform.dll
0x0000000053920000 - 0x000000005392d000 	E:\jdk8\jre\bin\management.dll
0x00007ffbf4e10000 - 0x00007ffbf4e43000 	C:\WINDOWS\system32\rsaenh.dll
0x00007ffbf6390000 - 0x00007ffbf63b6000 	C:\WINDOWS\System32\bcrypt.dll
0x00007ffbf5950000 - 0x00007ffbf5975000 	C:\WINDOWS\SYSTEM32\USERENV.dll
0x00007ffbf5470000 - 0x00007ffbf547c000 	C:\WINDOWS\SYSTEM32\CRYPTBASE.dll
0x00007ffbf4fb0000 - 0x00007ffbf4fea000 	C:\WINDOWS\SYSTEM32\IPHLPAPI.DLL
0x00007ffbf8790000 - 0x00007ffbf8798000 	C:\WINDOWS\System32\NSI.dll
0x00007ffbe8c90000 - 0x00007ffbe8ca6000 	C:\WINDOWS\SYSTEM32\dhcpcsvc6.DLL
0x00007ffbec440000 - 0x00007ffbec45c000 	C:\WINDOWS\SYSTEM32\dhcpcsvc.DLL
0x00007ffbf4ff0000 - 0x00007ffbf50bb000 	C:\WINDOWS\SYSTEM32\DNSAPI.dll

VM Arguments:
jvm_args: -XX:MaxMetaspaceSize=256m -XX:+HeapDumpOnOutOfMemoryError -Xms256m -Xmx512m -Dfile.encoding=GBK -Duser.country=CN -Duser.language=zh -Duser.variant 
java_command: org.gradle.launcher.daemon.bootstrap.GradleDaemon 6.2
java_class_path (initial): C:\Users\16042\.gradle\wrapper\dists\gradle-6.2-all\dvufqs6kielxeao781pmk5huj\gradle-6.2\lib\gradle-launcher-6.2.jar
Launcher Type: SUN_STANDARD

Environment Variables:
JAVA_HOME=E:\jdk8
CLASSPATH=E:\Summer Project\test1\testproject\android\\gradle\wrapper\gradle-wrapper.jar
PATH=E:\Summer Project\test1\testproject\android\node_modules\.bin;E:\Summer Project\test1\testproject\node_modules\.bin;E:\Summer Project\test1\node_modules\.bin;E:\Summer Project\node_modules\.bin;E:\node_modules\.bin;E:\node;C:\Users\16042\AppData\Local\Temp\yarn--1596555071049-0.8269461942530965;E:\Summer Project\test1\testproject\node_modules\.bin;C:\Users\16042\AppData\Local\Yarn\Data\link\node_modules\.bin;C:\Users\16042\AppData\Local\Yarn\bin;E:\libexec\lib\node_modules\npm\bin\node-gyp-bin;E:\lib\node_modules\npm\bin\node-gyp-bin;E:\node\node_modules\npm\bin\node-gyp-bin;C:\ProgramData\Oracle\Java\javapath;E:\Python27\;E:\Python27\Scripts;E:\xshell\;C:\Program Files (x86)\Intel\Intel(R) Management Engine Components\iCLS\;C:\Program Files\Intel\Intel(R) Management Engine Components\iCLS\;C:\Windows\system32;C:\Windows;C:\Windows\System32\Wbem;C:\Windows\System32\WindowsPowerShell\v1.0\;C:\Program Files (x86)\Intel\Intel(R) Management Engine Components\DAL;C:\Program Files\Intel\Intel(R) Management Engine Components\DAL;C:\Program Files (x86)\Intel\Intel(R) Management Engine Components\IPT;C:\Program Files\Intel\Intel(R) Management Engine Components\IPT;C:\Program Files (x86)\NVIDIA Corporation\PhysX\Common;C:\WINDOWS\system32;C:\WINDOWS;C:\WINDOWS\System32\Wbem;C:\WINDOWS\System32\WindowsPowerShell\v1.0\;C:\WINDOWS\System32\OpenSSH\;C:\Program Files\NVIDIA Corporation\NVIDIA NvDLISR;E:\Git\cmd;E:\node\;E:\mysql\mysql-8.0.13-winx64\bin;E:\123\runtime\win64;E:\123\bin;E:\123\polyspace\bin;E:\jdk8\bin;E:\androidsdk\platform-tools;E:\androidsdk\emulator;E:\androidsdk\tools;E:\androidsdk\tools\bin;E:\Microsoft Visual Studio\Common\Tools\WinNT;E:\Microsoft Visual Studio\Common\MSDev98\Bin;E:\Microsoft Visual Studio\Common\Tools;E:\Microsoft Visual Studio\VC98\bin;E:\Microsoft VS Code\bin;C:\Users\16042\AppData\Local\Microsoft\WindowsApps;C:\Users\16042\AppData\Roaming\npm;;E:\quartusll13\modelsim_ase\win32aloem;E:\quartusll13\modelsim_ae\win32aloem
USERNAME=16042
OS=Windows_NT
PROCESSOR_IDENTIFIER=Intel64 Family 6 Model 158 Stepping 10, GenuineIntel



---------------  S Y S T E M  ---------------

OS: Windows 10.0 , 64 bit Build 18362 (10.0.18362.959)

CPU:total 8 (initial active 8) (4 cores per cpu, 2 threads per core) family 6 model 158 stepping 10, cmov, cx8, fxsr, mmx, sse, sse2, sse3, ssse3, sse4.1, sse4.2, popcnt, avx, avx2, aes, clmul, erms, 3dnowpref, lzcnt, ht, tsc, tscinvbit, bmi1, bmi2, adx

Memory: 4k page, physical 8259892k(225416k free), swap 18760656k(6668k free)

vm_info: Java HotSpot(TM) 64-Bit Server VM (25.131-b11) for windows-amd64 JRE (1.8.0_131-b11), built on Mar 15 2017 01:23:53 by "java_re" with MS VC++ 10.0 (VS2010)

time: Tue Aug 04 23:32:26 2020
elapsed time: 7 seconds (0d 0h 0m 7s)

